<?xml version="1.0" encoding="UTF-8"?>
<!DOCTYPE mapper PUBLIC "-//mybatis.org//DTD Mapper 3.0//EN" "mybatis-3-mapper.dtd" >
<mapper namespace="testMapper">
	<resultMap type="Test" id="storeBoardResult">
		<result column="pro_no" property="proNo" />
		<result column="sel_no" property="selNo" />
		<result column="cate_no" property="cateNo" />
		<result column="cate_name" property="cateName" />
		<result column="pro_white_stock" property="proWhiteStock" />
		<result column="pro_black_stock" property="proBlackStock" />
		<result column="pro_name" property="proName" />
		<result column="pro_price" property="proPrice" />
		<result column="pro_up_date" property="proUpDate" />
		<result column="pro_origin_img" property="proOriginImg" />
		<result column="pro_change_img" property="proChangeImg" />
		<result column="pro_origin_img1" property="proOriginImg1" />
		<result column="pro_change_img1" property="proChangeImg1" />
		<result column="pro_origin_detailimg" property="proOriginDetailimg" />
		<result column="pro_change_detailimg" property="proChangeDetailimg" />
		<result column="status" property="status" />
		<result column="pro_count" property="proCount" />
		<!-- SELLER -->
		<result column="sel_bus_name" property="selBusName" />
		<result column="sel_email" property="selEmail" />
		<result column="sel_name" property="selName" />
		<result column="sel_phone" property="selPhone" />
		<result column="sel_addr" property="selAddr" />
		<result column="sel_detail_addr" property="selDetailAddr" />
		<result column="sel_bus_no" property="selBusNo" />
		<!-- REVIEW -->
		<result column="review_no" property="reviewNo" />
		<result column="ord_no" property="ordNo" />
		<result column="mem_email" property="memEmail" />
		<result column="review_img_origin" property="reviewImgOrigin" />
		<result column="review_img_change" property="reviewImgChange" />
		<result column="review_content" property="reviewContent" />
		<result column="review_date" property="reviewDate" />
		<result column="review_star" property="reviewStar" />
		<result column="mem_nick" property="memNick" />
		<result column="ord_option" property="ordOption" />
		<!-- QUESTION -->
		<result column="pro_que_no" property="proQueNo" />
		<result column="mem_id" property="memId" />
		<result column="pro_que_type" property="proQueType" />
		<result column="pro_que_content" property="proQueContent" />
		<result column="pro_que_result" property="proQueResult" />
		<result column="pro_que_date" property="proQueDate" />
		<result column="pro_que_ispublic" property="proQueIspublic" />
		<!-- ANSWER -->
		<result column="que_reply_no" property="queReplyNo" />
		<result column="que_reply_content" property="queReplyContent" />
		<result column="que_reply_date" property="queReplyDate" />
		<result column="pqr_status" property="pqrStatus" />
	</resultMap>
	


	<!-- TOP 리스트 조회 -->
	<select id="topStoreBoardList" resultMap="storeBoardResult">
		select * 
		from (select pro_change_img
				   , sel_bus_name
				   , pro_name
				   , pro_price
			  from product
			  where status = 'Y'
			  order by pro_count desc)
		where rownum between 1 and 6
	</select>
	
</mapper>

